c:\qt\projects\vss_to_git\vsstogit\git_dll\git_dll\x64\debug\git_dll.pch
c:\qt\projects\vss_to_git\vsstogit\git_dll\git_dll\x64\debug\vc142.pdb
c:\qt\projects\vss_to_git\vsstogit\git_dll\git_dll\x64\debug\vc142.idb
c:\qt\projects\vss_to_git\vsstogit\git_dll\git_dll\x64\debug\pch.obj
c:\qt\projects\vss_to_git\vsstogit\git_dll\git_dll\x64\debug\git_dll.obj
c:\qt\projects\vss_to_git\vsstogit\git_dll\git_dll\x64\debug\dllmain.obj
c:\qt\projects\vss_to_git\vsstogit\git_dll\x64\debug\git_dll.lib
c:\qt\projects\vss_to_git\vsstogit\git_dll\x64\debug\git_dll.exp
c:\qt\projects\vss_to_git\vsstogit\git_dll\git_dll\x64\debug\git_dllcpp.obj
c:\qt\projects\vss_to_git\vsstogit\git_dll\x64\debug\git_dll.pdb
c:\qt\projects\vss_to_git\vsstogit\git_dll\x64\debug\git_dll.dll
c:\qt\projects\vss_to_git\vsstogit\git_dll\x64\debug\git_dll.ilk
c:\qt\projects\vss_to_git\vsstogit\git_dll\git_dll\x64\debug\git_dll.tlog\cl.command.1.tlog
c:\qt\projects\vss_to_git\vsstogit\git_dll\git_dll\x64\debug\git_dll.tlog\cl.read.1.tlog
c:\qt\projects\vss_to_git\vsstogit\git_dll\git_dll\x64\debug\git_dll.tlog\cl.write.1.tlog
c:\qt\projects\vss_to_git\vsstogit\git_dll\git_dll\x64\debug\git_dll.tlog\git_dll.write.1u.tlog
c:\qt\projects\vss_to_git\vsstogit\git_dll\git_dll\x64\debug\git_dll.tlog\link.13672.delete.1.tlog
c:\qt\projects\vss_to_git\vsstogit\git_dll\git_dll\x64\debug\git_dll.tlog\link.15396.delete.1.tlog
c:\qt\projects\vss_to_git\vsstogit\git_dll\git_dll\x64\debug\git_dll.tlog\link.17252.delete.1.tlog
c:\qt\projects\vss_to_git\vsstogit\git_dll\git_dll\x64\debug\git_dll.tlog\link.18176.delete.1.tlog
c:\qt\projects\vss_to_git\vsstogit\git_dll\git_dll\x64\debug\git_dll.tlog\link.1992.delete.1.tlog
c:\qt\projects\vss_to_git\vsstogit\git_dll\git_dll\x64\debug\git_dll.tlog\link.4304.delete.1.tlog
c:\qt\projects\vss_to_git\vsstogit\git_dll\git_dll\x64\debug\git_dll.tlog\link.616.delete.1.tlog
c:\qt\projects\vss_to_git\vsstogit\git_dll\git_dll\x64\debug\git_dll.tlog\link.8920.delete.1.tlog
c:\qt\projects\vss_to_git\vsstogit\git_dll\git_dll\x64\debug\git_dll.tlog\link.command.1.tlog
c:\qt\projects\vss_to_git\vsstogit\git_dll\git_dll\x64\debug\git_dll.tlog\link.delete.1.tlog
c:\qt\projects\vss_to_git\vsstogit\git_dll\git_dll\x64\debug\git_dll.tlog\link.read.1.tlog
c:\qt\projects\vss_to_git\vsstogit\git_dll\git_dll\x64\debug\git_dll.tlog\link.write.1.tlog
