  Git_DLLcpp.cpp
C:\Qt\Projects\vss_to_git\VssToGit\Git_DLL\Git_DLL\Git_DLLcpp.cpp(9,1): warning C4273: 'gitInit': inconsistent dll linkage
C:\Qt\Projects\vss_to_git\VssToGit\Git_DLL\Git_DLL\Git_DLL.h(23,18): message : see previous definition of 'gitInit'
C:\Qt\Projects\vss_to_git\VssToGit\Git_DLL\Git_DLL\Git_DLLcpp.cpp(14,80): warning C4273: 'add': inconsistent dll linkage
C:\Qt\Projects\vss_to_git\VssToGit\Git_DLL\Git_DLL\Git_DLL.h(24,18): message : see previous definition of 'add'
C:\Qt\Projects\vss_to_git\VssToGit\Git_DLL\Git_DLL\Git_DLLcpp.cpp(39,1): warning C4273: 'deleteFile': inconsistent dll linkage
C:\Qt\Projects\vss_to_git\VssToGit\Git_DLL\Git_DLL\Git_DLL.h(25,18): message : see previous definition of 'deleteFile'
C:\Qt\Projects\vss_to_git\VssToGit\Git_DLL\Git_DLL\Git_DLLcpp.cpp(63,1): warning C4273: 'renameFile': inconsistent dll linkage
C:\Qt\Projects\vss_to_git\VssToGit\Git_DLL\Git_DLL\Git_DLL.h(26,18): message : see previous definition of 'renameFile'
C:\Qt\Projects\vss_to_git\VssToGit\Git_DLL\Git_DLL\Git_DLLcpp.cpp(87,1): warning C4273: 'isFileExisting': inconsistent dll linkage
C:\Qt\Projects\vss_to_git\VssToGit\Git_DLL\Git_DLL\Git_DLL.h(27,18): message : see previous definition of 'isFileExisting'
C:\Qt\Projects\vss_to_git\VssToGit\Git_DLL\Git_DLL\Git_DLLcpp.cpp(114,106): warning C4273: 'checkIn': inconsistent dll linkage
C:\Qt\Projects\vss_to_git\VssToGit\Git_DLL\Git_DLL\Git_DLL.h(29,18): message : see previous definition of 'checkIn'
C:\Qt\Projects\vss_to_git\VssToGit\Git_DLL\Git_DLL\Git_DLLcpp.cpp(140,1): warning C4273: 'checkoutFile': inconsistent dll linkage
C:\Qt\Projects\vss_to_git\VssToGit\Git_DLL\Git_DLL\Git_DLL.h(28,18): message : see previous definition of 'checkoutFile'
C:\Qt\Projects\vss_to_git\VssToGit\Git_DLL\Git_DLL\Git_DLLcpp.cpp(183,1): warning C4273: 'getFolder': inconsistent dll linkage
C:\Qt\Projects\vss_to_git\VssToGit\Git_DLL\Git_DLL\Git_DLL.h(30,28): message : see previous definition of 'getFolder'
C:\Qt\Projects\vss_to_git\VssToGit\Git_DLL\Git_DLL\Git_DLLcpp.cpp(227,84): warning C4273: 'getFile': inconsistent dll linkage
C:\Qt\Projects\vss_to_git\VssToGit\Git_DLL\Git_DLL\Git_DLL.h(31,18): message : see previous definition of 'getFile'
     Creating library C:\Qt\Projects\vss_to_git\VssToGit\Git_DLL\x64\Debug\Git_DLL.lib and object C:\Qt\Projects\vss_to_git\VssToGit\Git_DLL\x64\Debug\Git_DLL.exp
  Git_DLL.vcxproj -> C:\Qt\Projects\vss_to_git\VssToGit\Git_DLL\x64\Debug\Git_DLL.dll
